<?xml version="1.0" encoding="UTF-8"?>
<!-- Generated by org.testng.reporters.JUnitXMLReporter -->
<testsuite hostname="DESKTOP-ATOQJFI" ignored="0" name="Test" tests="1" failures="0" timestamp="2020-12-29T09:07:47 PST" time="0.134" errors="0">
  <testcase name="@BeforeTest invokeBrowser" time="-1.609261667382E9" classname="com.atmecs.swaglabs.testsuite.BaseClass">
    <failure type="org.testng.TestNGException" message="
Can inject only one of &amp;lt;ITestContext, XmlTest&amp;gt; into a @BeforeTest annotated invokeBrowser.
For more information on native dependency injection please refer to https://testng.org/doc/documentation-main.html#native-dependency-injection">
      <![CDATA[org.testng.TestNGException: 
Can inject only one of <ITestContext, XmlTest> into a @BeforeTest annotated invokeBrowser.
For more information on native dependency injection please refer to https://testng.org/doc/documentation-main.html#native-dependency-injection
... Removed 21 stack frames]]>
    </failure>
  </testcase> <!-- @BeforeTest invokeBrowser -->
  <testcase name="login" time="0.0" classname="com.atmecs.swaglabs.testscript.TestSript">
    <skipped/>
  </testcase> <!-- login -->
</testsuite> <!-- Test -->
